[14:15:05] [main/INFO]: Environment: authHost='https://authserver.mojang.com', accountsHost='https://api.mojang.com', sessionHost='https://sessionserver.mojang.com', servicesHost='https://api.minecraftservices.com', name='PROD'
[14:15:06] [main/INFO]: Reloading ResourceManager: Default, bukkit
[14:15:07] [Worker-Main-10/INFO]: Loaded 7 recipes
[14:15:12] [Server thread/INFO]: Starting minecraft server version 1.17.1
[14:15:12] [Server thread/INFO]: Loading properties
[14:15:12] [Server thread/INFO]: This server is running CraftBukkit version 3279-Spigot-3892929-2071671 (MC: 1.17.1) (Implementing API version 1.17.1-R0.1-SNAPSHOT)
[14:15:13] [Server thread/INFO]: Debug logging is disabled
[14:15:13] [Server thread/INFO]: Using 4 threads for Netty based IO
[14:15:13] [Server thread/INFO]: Server Ping Player Sample Count: 12
[14:15:13] [Server thread/INFO]: Default game type: SURVIVAL
[14:15:13] [Server thread/INFO]: Generating keypair
[14:15:13] [Server thread/INFO]: Starting Minecraft server on *:25565
[14:15:13] [Server thread/INFO]: Using default channel type
[14:15:16] [Server thread/WARN]: Initializing Legacy Material Support. Unless you have legacy plugins and/or data this is a bug!
[14:15:25] [Server thread/WARN]: Legacy plugin LunaChat v3.0.16 does not specify an api-version.
[14:15:25] [Server thread/INFO]: [BlueMap] Loading BlueMap v1.6.3
[14:15:25] [Server thread/INFO]: [LunaChat] Loading LunaChat v3.0.16
[14:15:25] [Server thread/INFO]: [SilkSpawners] Loading SilkSpawners v7.1.0
[14:15:25] [Server thread/INFO]: Preparing level "world"
[14:15:25] [Server thread/INFO]: -------- World Settings For [world] --------
[14:15:25] [Server thread/INFO]: Allow Zombie Pigmen to spawn from portal blocks: true
[14:15:25] [Server thread/INFO]: View Distance: 10
[14:15:25] [Server thread/INFO]: Item Merge Radius: 2.5
[14:15:25] [Server thread/INFO]: Item Despawn Rate: 6000
[14:15:25] [Server thread/INFO]: Nerfing mobs spawned from spawners: false
[14:15:25] [Server thread/INFO]: Entity Tracking Range: Pl 48 / An 48 / Mo 48 / Mi 32 / Other 64
[14:15:25] [Server thread/INFO]: Arrow Despawn Rate: 1200 Trident Respawn Rate:1200
[14:15:25] [Server thread/INFO]: Zombie Aggressive Towards Villager: true
[14:15:25] [Server thread/INFO]: Experience Merge Radius: 3.0
[14:15:25] [Server thread/INFO]: Mob Spawn Range: 6
[14:15:25] [Server thread/INFO]: Entity Activation Range: An 32 / Mo 32 / Ra 48 / Mi 16 / Tiv true
[14:15:25] [Server thread/INFO]: Cactus Growth Modifier: 100%
[14:15:25] [Server thread/INFO]: Cane Growth Modifier: 100%
[14:15:25] [Server thread/INFO]: Melon Growth Modifier: 100%
[14:15:25] [Server thread/INFO]: Mushroom Growth Modifier: 100%
[14:15:25] [Server thread/INFO]: Pumpkin Growth Modifier: 100%
[14:15:25] [Server thread/INFO]: Sapling Growth Modifier: 100%
[14:15:25] [Server thread/INFO]: Beetroot Growth Modifier: 100%
[14:15:25] [Server thread/INFO]: Carrot Growth Modifier: 100%
[14:15:25] [Server thread/INFO]: Potato Growth Modifier: 100%
[14:15:25] [Server thread/INFO]: Wheat Growth Modifier: 100%
[14:15:25] [Server thread/INFO]: NetherWart Growth Modifier: 100%
[14:15:25] [Server thread/INFO]: Vine Growth Modifier: 100%
[14:15:25] [Server thread/INFO]: Cocoa Growth Modifier: 100%
[14:15:25] [Server thread/INFO]: Bamboo Growth Modifier: 100%
[14:15:25] [Server thread/INFO]: SweetBerry Growth Modifier: 100%
[14:15:25] [Server thread/INFO]: Kelp Growth Modifier: 100%
[14:15:26] [Server thread/INFO]: Hopper Transfer: 8 Hopper Check: 1 Hopper Amount: 1
[14:15:26] [Server thread/INFO]: Custom Map Seeds:  Village: 10387312 Desert: 14357617 Igloo: 14357618 Jungle: 14357619 Swamp: 14357620 Monument: 10387313 Ocean: 14357621 Shipwreck: 165745295 End City: 10387313 Slime: 987234911 Bastion: 30084232 Fortress: 30084232 Mansion: 10387319 Fossil: 14357921 Portal: 34222645
[14:15:26] [Server thread/INFO]: Tile Max Tick Time: 50ms Entity max Tick Time: 50ms
[14:15:26] [Server thread/INFO]: Max TNT Explosions: 100
[14:15:26] [Server thread/INFO]: -------- World Settings For [world_nether] --------
[14:15:26] [Server thread/INFO]: Allow Zombie Pigmen to spawn from portal blocks: true
[14:15:26] [Server thread/INFO]: View Distance: 10
[14:15:26] [Server thread/INFO]: Item Merge Radius: 2.5
[14:15:26] [Server thread/INFO]: Item Despawn Rate: 6000
[14:15:26] [Server thread/INFO]: Nerfing mobs spawned from spawners: false
[14:15:26] [Server thread/INFO]: Entity Tracking Range: Pl 48 / An 48 / Mo 48 / Mi 32 / Other 64
[14:15:26] [Server thread/INFO]: Arrow Despawn Rate: 1200 Trident Respawn Rate:1200
[14:15:26] [Server thread/INFO]: Zombie Aggressive Towards Villager: true
[14:15:26] [Server thread/INFO]: Experience Merge Radius: 3.0
[14:15:26] [Server thread/INFO]: Mob Spawn Range: 6
[14:15:26] [Server thread/INFO]: Entity Activation Range: An 32 / Mo 32 / Ra 48 / Mi 16 / Tiv true
[14:15:26] [Server thread/INFO]: Cactus Growth Modifier: 100%
[14:15:26] [Server thread/INFO]: Cane Growth Modifier: 100%
[14:15:26] [Server thread/INFO]: Melon Growth Modifier: 100%
[14:15:26] [Server thread/INFO]: Mushroom Growth Modifier: 100%
[14:15:26] [Server thread/INFO]: Pumpkin Growth Modifier: 100%
[14:15:26] [Server thread/INFO]: Sapling Growth Modifier: 100%
[14:15:26] [Server thread/INFO]: Beetroot Growth Modifier: 100%
[14:15:26] [Server thread/INFO]: Carrot Growth Modifier: 100%
[14:15:26] [Server thread/INFO]: Potato Growth Modifier: 100%
[14:15:26] [Server thread/INFO]: Wheat Growth Modifier: 100%
[14:15:26] [Server thread/INFO]: NetherWart Growth Modifier: 100%
[14:15:26] [Server thread/INFO]: Vine Growth Modifier: 100%
[14:15:26] [Server thread/INFO]: Cocoa Growth Modifier: 100%
[14:15:26] [Server thread/INFO]: Bamboo Growth Modifier: 100%
[14:15:26] [Server thread/INFO]: SweetBerry Growth Modifier: 100%
[14:15:26] [Server thread/INFO]: Kelp Growth Modifier: 100%
[14:15:26] [Server thread/INFO]: Hopper Transfer: 8 Hopper Check: 1 Hopper Amount: 1
[14:15:26] [Server thread/INFO]: Custom Map Seeds:  Village: 10387312 Desert: 14357617 Igloo: 14357618 Jungle: 14357619 Swamp: 14357620 Monument: 10387313 Ocean: 14357621 Shipwreck: 165745295 End City: 10387313 Slime: 987234911 Bastion: 30084232 Fortress: 30084232 Mansion: 10387319 Fossil: 14357921 Portal: 34222645
[14:15:26] [Server thread/INFO]: Tile Max Tick Time: 50ms Entity max Tick Time: 50ms
[14:15:26] [Server thread/INFO]: Max TNT Explosions: 100
[14:15:26] [Server thread/INFO]: -------- World Settings For [world_the_end] --------
[14:15:26] [Server thread/INFO]: Allow Zombie Pigmen to spawn from portal blocks: true
[14:15:26] [Server thread/INFO]: View Distance: 10
[14:15:26] [Server thread/INFO]: Item Merge Radius: 2.5
[14:15:26] [Server thread/INFO]: Item Despawn Rate: 6000
[14:15:26] [Server thread/INFO]: Nerfing mobs spawned from spawners: false
[14:15:26] [Server thread/INFO]: Entity Tracking Range: Pl 48 / An 48 / Mo 48 / Mi 32 / Other 64
[14:15:26] [Server thread/INFO]: Arrow Despawn Rate: 1200 Trident Respawn Rate:1200
[14:15:26] [Server thread/INFO]: Zombie Aggressive Towards Villager: true
[14:15:26] [Server thread/INFO]: Experience Merge Radius: 3.0
[14:15:26] [Server thread/INFO]: Mob Spawn Range: 6
[14:15:26] [Server thread/INFO]: Entity Activation Range: An 32 / Mo 32 / Ra 48 / Mi 16 / Tiv true
[14:15:26] [Server thread/INFO]: Cactus Growth Modifier: 100%
[14:15:26] [Server thread/INFO]: Cane Growth Modifier: 100%
[14:15:26] [Server thread/INFO]: Melon Growth Modifier: 100%
[14:15:26] [Server thread/INFO]: Mushroom Growth Modifier: 100%
[14:15:26] [Server thread/INFO]: Pumpkin Growth Modifier: 100%
[14:15:26] [Server thread/INFO]: Sapling Growth Modifier: 100%
[14:15:26] [Server thread/INFO]: Beetroot Growth Modifier: 100%
[14:15:26] [Server thread/INFO]: Carrot Growth Modifier: 100%
[14:15:26] [Server thread/INFO]: Potato Growth Modifier: 100%
[14:15:26] [Server thread/INFO]: Wheat Growth Modifier: 100%
[14:15:26] [Server thread/INFO]: NetherWart Growth Modifier: 100%
[14:15:26] [Server thread/INFO]: Vine Growth Modifier: 100%
[14:15:26] [Server thread/INFO]: Cocoa Growth Modifier: 100%
[14:15:26] [Server thread/INFO]: Bamboo Growth Modifier: 100%
[14:15:26] [Server thread/INFO]: SweetBerry Growth Modifier: 100%
[14:15:26] [Server thread/INFO]: Kelp Growth Modifier: 100%
[14:15:26] [Server thread/INFO]: Hopper Transfer: 8 Hopper Check: 1 Hopper Amount: 1
[14:15:26] [Server thread/INFO]: Custom Map Seeds:  Village: 10387312 Desert: 14357617 Igloo: 14357618 Jungle: 14357619 Swamp: 14357620 Monument: 10387313 Ocean: 14357621 Shipwreck: 165745295 End City: 10387313 Slime: 987234911 Bastion: 30084232 Fortress: 30084232 Mansion: 10387319 Fossil: 14357921 Portal: 34222645
[14:15:26] [Server thread/INFO]: Tile Max Tick Time: 50ms Entity max Tick Time: 50ms
[14:15:26] [Server thread/INFO]: Max TNT Explosions: 100
[14:15:26] [Server thread/INFO]: Preparing start region for dimension minecraft:overworld
[14:15:27] [Worker-Main-15/INFO]: Preparing spawn area: 0%
[14:15:37] [Worker-Main-12/INFO]: Preparing spawn area: 0%
[14:15:37] [Worker-Main-12/INFO]: Preparing spawn area: 0%
[14:15:37] [Worker-Main-10/INFO]: Preparing spawn area: 0%
[14:15:37] [Worker-Main-10/INFO]: Preparing spawn area: 0%
[14:15:37] [Worker-Main-11/INFO]: Preparing spawn area: 0%
[14:15:37] [Worker-Main-10/INFO]: Preparing spawn area: 0%
[14:15:37] [Worker-Main-11/INFO]: Preparing spawn area: 0%
[14:15:37] [Worker-Main-11/INFO]: Preparing spawn area: 0%
[14:15:38] [Worker-Main-10/INFO]: Preparing spawn area: 0%
[14:15:38] [Worker-Main-11/INFO]: Preparing spawn area: 0%
[14:15:38] [Worker-Main-10/INFO]: Preparing spawn area: 0%
[14:15:38] [Worker-Main-11/INFO]: Preparing spawn area: 0%
[14:15:38] [Worker-Main-10/INFO]: Preparing spawn area: 0%
[14:15:38] [Worker-Main-11/INFO]: Preparing spawn area: 0%
[14:15:38] [Worker-Main-10/INFO]: Preparing spawn area: 0%
[14:15:38] [Worker-Main-11/INFO]: Preparing spawn area: 0%
[14:15:38] [Worker-Main-10/INFO]: Preparing spawn area: 0%
[14:15:38] [Worker-Main-11/INFO]: Preparing spawn area: 0%
[14:15:38] [Worker-Main-10/INFO]: Preparing spawn area: 0%
[14:15:38] [Worker-Main-11/INFO]: Preparing spawn area: 0%
[14:15:38] [Worker-Main-10/INFO]: Preparing spawn area: 0%
[14:15:38] [Worker-Main-11/INFO]: Preparing spawn area: 0%
[14:15:38] [Worker-Main-10/INFO]: Preparing spawn area: 0%
[14:15:38] [Worker-Main-10/INFO]: Preparing spawn area: 0%
[14:15:39] [Worker-Main-12/INFO]: Preparing spawn area: 0%
[14:15:39] [Worker-Main-9/INFO]: Preparing spawn area: 0%
[14:15:41] [Worker-Main-10/INFO]: Preparing spawn area: 1%
[14:15:41] [Worker-Main-10/INFO]: Preparing spawn area: 1%
[14:15:41] [Worker-Main-10/INFO]: Preparing spawn area: 1%
[14:15:41] [Worker-Main-9/INFO]: Preparing spawn area: 54%
[14:15:41] [Worker-Main-11/INFO]: Preparing spawn area: 54%
[14:15:42] [Worker-Main-8/INFO]: Preparing spawn area: 68%
[14:15:42] [Worker-Main-11/INFO]: Preparing spawn area: 70%
[14:15:43] [Worker-Main-14/INFO]: Preparing spawn area: 71%
[14:15:43] [Worker-Main-9/INFO]: Preparing spawn area: 74%
[14:15:44] [Worker-Main-10/INFO]: Preparing spawn area: 75%
[14:15:44] [Worker-Main-8/INFO]: Preparing spawn area: 76%
[14:15:45] [Worker-Main-15/INFO]: Preparing spawn area: 80%
[14:15:45] [Worker-Main-11/INFO]: Preparing spawn area: 83%
[14:15:46] [Worker-Main-11/INFO]: Preparing spawn area: 83%
[14:15:46] [Worker-Main-9/INFO]: Preparing spawn area: 83%
[14:15:47] [Worker-Main-9/INFO]: Preparing spawn area: 84%
[14:15:47] [Worker-Main-10/INFO]: Preparing spawn area: 85%
[14:15:48] [Worker-Main-9/INFO]: Preparing spawn area: 86%
[14:15:48] [Worker-Main-11/INFO]: Preparing spawn area: 89%
[14:15:49] [Worker-Main-14/INFO]: Preparing spawn area: 91%
[14:15:49] [Worker-Main-9/INFO]: Preparing spawn area: 94%
[14:15:50] [Worker-Main-11/INFO]: Preparing spawn area: 96%
[14:15:50] [Worker-Main-11/INFO]: Preparing spawn area: 96%
[14:15:51] [Server thread/INFO]: Time elapsed: 24626 ms
[14:15:51] [Server thread/INFO]: Preparing start region for dimension minecraft:the_nether
[14:15:51] [Worker-Main-10/INFO]: Preparing spawn area: 0%
[14:15:51] [Worker-Main-12/INFO]: Preparing spawn area: 0%
[14:15:52] [Worker-Main-12/INFO]: Preparing spawn area: 0%
[14:15:53] [Worker-Main-15/INFO]: Preparing spawn area: 0%
[14:15:53] [Worker-Main-8/INFO]: Preparing spawn area: 0%
[14:15:53] [Worker-Main-8/INFO]: Preparing spawn area: 1%
[14:15:54] [Worker-Main-10/INFO]: Preparing spawn area: 10%
[14:15:54] [Worker-Main-10/INFO]: Preparing spawn area: 42%
[14:15:55] [Worker-Main-8/INFO]: Preparing spawn area: 68%
[14:15:55] [Worker-Main-10/INFO]: Preparing spawn area: 68%
[14:15:56] [Worker-Main-9/INFO]: Preparing spawn area: 70%
[14:15:56] [Worker-Main-10/INFO]: Preparing spawn area: 72%
[14:15:57] [Worker-Main-12/INFO]: Preparing spawn area: 74%
[14:15:57] [Worker-Main-9/INFO]: Preparing spawn area: 75%
[14:15:58] [Worker-Main-8/INFO]: Preparing spawn area: 79%
[14:15:58] [Worker-Main-8/INFO]: Preparing spawn area: 82%
[14:15:59] [Worker-Main-14/INFO]: Preparing spawn area: 83%
[14:15:59] [Worker-Main-15/INFO]: Preparing spawn area: 88%
[14:16:00] [Worker-Main-10/INFO]: Preparing spawn area: 89%
[14:16:00] [Worker-Main-12/INFO]: Preparing spawn area: 89%
[14:16:01] [Worker-Main-14/INFO]: Preparing spawn area: 92%
[14:16:01] [Worker-Main-10/INFO]: Preparing spawn area: 95%
[14:16:02] [Server thread/INFO]: Time elapsed: 10984 ms
[14:16:02] [Server thread/INFO]: Preparing start region for dimension minecraft:the_end
[14:16:02] [Worker-Main-14/INFO]: Preparing spawn area: 0%
[14:16:02] [Worker-Main-9/INFO]: Preparing spawn area: 0%
[14:16:03] [Worker-Main-14/INFO]: Preparing spawn area: 0%
[14:16:03] [Worker-Main-8/INFO]: Preparing spawn area: 4%
[14:16:04] [Worker-Main-8/INFO]: Preparing spawn area: 27%
[14:16:04] [Worker-Main-10/INFO]: Preparing spawn area: 60%
[14:16:05] [Worker-Main-9/INFO]: Preparing spawn area: 71%
[14:16:05] [Worker-Main-15/INFO]: Preparing spawn area: 84%
[14:16:06] [Server thread/INFO]: Time elapsed: 3992 ms
[14:16:06] [Server thread/INFO]: [BlueMap] Enabling BlueMap v1.6.3
[14:16:06] [Server thread/INFO]: [BlueMap] Saving all worlds once, to make sure the level.dat is present...
[14:16:06] [Server thread/WARN]: A manual (plugin-induced) save has been detected while server is configured to auto-save. This may affect performance.
[14:16:10] [Server thread/INFO]: [LunaChat] Enabling LunaChat v3.0.16
[14:16:10] [Server thread/INFO]: [SilkSpawners] Enabling SilkSpawners v7.1.0
[14:16:11] [Server thread/INFO]: [SilkSpawners] WorldGuard was not found and support is disabled
[14:16:11] [Server thread/INFO]: [SilkSpawners] Loading support for v1_17_R1
[14:16:12] [Server thread/INFO]: [SilkSpawners] AutoUpdater is enabled and now running.
[14:16:12] [Server thread/INFO]: [SilkSpawners] BarAPI is disabled due to config setting.
[14:16:12] [Server thread/INFO]: Server permissions file permissions.yml is empty, ignoring it
[14:16:12] [Server thread/INFO]: Done (46.919s)! For help, type "help"
[14:16:12] [Craft Scheduler Thread - 0/INFO]: [BlueMap] Loading...
[14:16:14] [Craft Scheduler Thread - 0/WARN]: [BlueMap] BlueMap is missing important resources!
[14:16:14] [Craft Scheduler Thread - 0/WARN]: [BlueMap] You must accept the required file download in order for BlueMap to work!
[14:16:14] [Craft Scheduler Thread - 0/WARN]: [BlueMap] Please check: D:\Žï–¡\ƒ}ƒCƒNƒ‰\US\server\plugins\BlueMap\core.conf
[14:16:14] [Craft Scheduler Thread - 0/INFO]: [BlueMap] If you have changed the config you can simply reload the plugin using: /bluemap reload
[14:16:14] [Thread-12/INFO]: [BlueMap] WebServer started.
[14:16:14] [Server thread/INFO]: [SilkSpawners] Result from AutoUpdater is: NO_UPDATE
[14:16:14] [Thread-12/INFO]: [BlueMap] WebServer closed.
[14:58:38] [Server thread/INFO]: Reloading BlueMap...[m
[14:58:38] [Thread-65/INFO]: [BlueMap] WebServer started.
[14:58:38] [Thread-64/INFO]: [BlueMap] Downloading https://launcher.mojang.com/v1/objects/1cf89c77ed5e72401b869f66410934804f3d6f52/client.jar to bluemap\minecraft-client-1.17.0.jar ...
[14:58:41] [Thread-64/INFO]: [BlueMap] Loading resources...
[14:58:42] [Thread-64/INFO]: [BlueMap] Loading bluemap assets (1/3)...
[14:58:42] [Thread-64/INFO]: [BlueMap] Loading realms assets (2/3)...
[14:58:42] [Thread-64/INFO]: [BlueMap] Loading minecraft assets (3/3)...
[14:59:04] [Server thread/INFO]: BlueMap reloaded![m
[15:37:48] [Server thread/INFO]: Unknown command. Type "/help" for help.[m
[15:37:51] [Server thread/INFO]: Stopping the server
[15:37:51] [Server thread/INFO]: Stopping server
[15:37:51] [Server thread/INFO]: [SilkSpawners] Disabling SilkSpawners v7.1.0
[15:37:51] [Server thread/INFO]: [LunaChat] Disabling LunaChat v3.0.16
[15:37:51] [Server thread/INFO]: [BlueMap] Disabling BlueMap v1.6.3
[15:37:51] [Server thread/INFO]: [BlueMap] Stopping...
[15:37:51] [Server thread/INFO]: [BlueMap] Saved and stopped!
[15:37:51] [Thread-65/INFO]: [BlueMap] WebServer closed.
[15:37:51] [Server thread/INFO]: Saving players
[15:37:51] [Server thread/INFO]: Saving worlds
[15:37:51] [Server thread/INFO]: Saving chunks for level 'ServerLevel[world]'/minecraft:overworld
[15:37:52] [Server thread/INFO]: Saving chunks for level 'ServerLevel[world_nether]'/minecraft:the_nether
[15:37:52] [Server thread/INFO]: Saving chunks for level 'ServerLevel[world_the_end]'/minecraft:the_end
[15:37:52] [Server thread/INFO]: ThreadedAnvilChunkStorage (world): All chunks are saved
[15:37:52] [Server thread/INFO]: ThreadedAnvilChunkStorage (DIM-1): All chunks are saved
[15:37:52] [Server thread/INFO]: ThreadedAnvilChunkStorage (DIM1): All chunks are saved
[15:37:52] [Server thread/INFO]: ThreadedAnvilChunkStorage: All dimensions are saved
